/*C4*/SET SCHEMA PUBLIC
Drop table people if exists
SET SCHEMA SYSTEM_LOBS
DELETE FROM LOB_IDS WHERE LOB_ID=11
INSERT INTO LOB_IDS VALUES(11,441538,0,30)
DELETE FROM LOB_IDS WHERE LOB_ID=12
INSERT INTO LOB_IDS VALUES(12,441538,0,30)
DELETE FROM LOB_IDS WHERE LOB_ID=13
INSERT INTO LOB_IDS VALUES(13,441538,0,30)
DELETE FROM LOB_IDS WHERE LOB_ID=14
INSERT INTO LOB_IDS VALUES(14,441538,0,30)
DELETE FROM LOB_IDS WHERE LOB_ID=15
INSERT INTO LOB_IDS VALUES(15,441538,0,30)
COMMIT
SET SCHEMA PUBLIC
create table people(name varchar(20) not null, photo blob, status varchar(60) not null, gender varchar(10) not null, age integer not null, state varchar(40) not null)
/*C1*/SET SCHEMA SYSTEM_LOBS
INSERT INTO LOB_IDS VALUES(16,441538,0,30)
ALTER SEQUENCE SYSTEM_LOBS.LOB_ID RESTART WITH 17
COMMIT
DELETE FROM BLOCKS WHERE BLOCK_ADDR=210
INSERT INTO BLOCKS VALUES(210,14,0)
INSERT INTO BLOCKS VALUES(224,2147483423,0)
DELETE FROM BLOCKS WHERE BLOCK_ADDR=210
INSERT INTO LOBS VALUES(210,14,0,16)
COMMIT
/*C4*/INSERT INTO PEOPLE VALUES('Alex Smith',16,'student at RMIT','M',21,'WA')
SET SCHEMA SYSTEM_LOBS
DELETE FROM LOB_IDS WHERE LOB_ID=16
INSERT INTO LOB_IDS VALUES(16,441538,1,30)
COMMIT
/*C1*/INSERT INTO LOB_IDS VALUES(17,441538,0,30)
ALTER SEQUENCE SYSTEM_LOBS.LOB_ID RESTART WITH 18
COMMIT
DELETE FROM BLOCKS WHERE BLOCK_ADDR=224
INSERT INTO BLOCKS VALUES(224,14,0)
INSERT INTO BLOCKS VALUES(238,2147483409,0)
DELETE FROM BLOCKS WHERE BLOCK_ADDR=224
INSERT INTO LOBS VALUES(224,14,0,17)
COMMIT
/*C4*/SET SCHEMA PUBLIC
INSERT INTO PEOPLE VALUES('Ben Turner',17,'manager at Coles','M',35,'VIC')
SET SCHEMA SYSTEM_LOBS
DELETE FROM LOB_IDS WHERE LOB_ID=17
INSERT INTO LOB_IDS VALUES(17,441538,1,30)
COMMIT
/*C1*/INSERT INTO LOB_IDS VALUES(18,441538,0,30)
ALTER SEQUENCE SYSTEM_LOBS.LOB_ID RESTART WITH 19
COMMIT
DELETE FROM BLOCKS WHERE BLOCK_ADDR=238
INSERT INTO BLOCKS VALUES(238,14,0)
INSERT INTO BLOCKS VALUES(252,2147483395,0)
DELETE FROM BLOCKS WHERE BLOCK_ADDR=238
INSERT INTO LOBS VALUES(238,14,0,18)
COMMIT
/*C4*/SET SCHEMA PUBLIC
INSERT INTO PEOPLE VALUES('Hannah White',18,'student at PLC','F',14,'VIC')
SET SCHEMA SYSTEM_LOBS
DELETE FROM LOB_IDS WHERE LOB_ID=18
INSERT INTO LOB_IDS VALUES(18,441538,1,30)
COMMIT
/*C1*/INSERT INTO LOB_IDS VALUES(19,441538,0,30)
ALTER SEQUENCE SYSTEM_LOBS.LOB_ID RESTART WITH 20
COMMIT
DELETE FROM BLOCKS WHERE BLOCK_ADDR=252
INSERT INTO BLOCKS VALUES(252,14,0)
INSERT INTO BLOCKS VALUES(266,2147483381,0)
DELETE FROM BLOCKS WHERE BLOCK_ADDR=252
INSERT INTO LOBS VALUES(252,14,0,19)
COMMIT
/*C4*/SET SCHEMA PUBLIC
INSERT INTO PEOPLE VALUES('Zoe Foster',19,'Founder of ZFX','F',28,'VIC')
SET SCHEMA SYSTEM_LOBS
DELETE FROM LOB_IDS WHERE LOB_ID=19
INSERT INTO LOB_IDS VALUES(19,441538,1,30)
COMMIT
/*C1*/INSERT INTO LOB_IDS VALUES(20,441538,0,30)
ALTER SEQUENCE SYSTEM_LOBS.LOB_ID RESTART WITH 21
COMMIT
DELETE FROM BLOCKS WHERE BLOCK_ADDR=266
INSERT INTO BLOCKS VALUES(266,14,0)
INSERT INTO BLOCKS VALUES(280,2147483367,0)
DELETE FROM BLOCKS WHERE BLOCK_ADDR=266
INSERT INTO LOBS VALUES(266,14,0,20)
COMMIT
/*C4*/SET SCHEMA PUBLIC
INSERT INTO PEOPLE VALUES('Mark Turner',20,'student at RMIT','M',2,'VIC')
SET SCHEMA SYSTEM_LOBS
DELETE FROM LOB_IDS WHERE LOB_ID=20
INSERT INTO LOB_IDS VALUES(20,441538,1,30)
COMMIT
SET SCHEMA PUBLIC
drop table relation if exists
create table relation(name1 varchar(60) not null, name2 varchar(60) not null, relationship varchar(45) not null)
INSERT INTO RELATION VALUES('Alex Smith','Ben Turner','friends')
COMMIT
INSERT INTO RELATION VALUES('Ben Turner','Zoe Foster','couple')
COMMIT
INSERT INTO RELATION VALUES('Ben Turner','Mark Turner','parent')
COMMIT
INSERT INTO RELATION VALUES('Mark Turner','Zoe Foster','parent')
COMMIT
